2024/09/05 19:27:36 [notice] 1#1: using the "epoll" event method
2024/09/05 19:27:36 [notice] 1#1: nginx/1.26.2
2024/09/05 19:27:36 [notice] 1#1: built by gcc 13.2.1 20240309 (Alpine 13.2.1_git20240309) 
2024/09/05 19:27:36 [notice] 1#1: OS: Linux 6.8.0-41-generic
2024/09/05 19:27:36 [notice] 1#1: getrlimit(RLIMIT_NOFILE): 1024:524288
2024/09/05 19:27:36 [notice] 1#1: start worker processes
2024/09/05 19:27:36 [notice] 1#1: start worker process 29
2024/09/05 19:27:36 [notice] 1#1: start worker process 30
2024/09/05 19:27:36 [notice] 1#1: start worker process 31
2024/09/05 19:27:36 [notice] 1#1: start worker process 32
2024/09/10 13:16:06 [notice] 1#1: using the "epoll" event method
2024/09/10 13:16:06 [notice] 1#1: nginx/1.26.2
2024/09/10 13:16:06 [notice] 1#1: built by gcc 13.2.1 20240309 (Alpine 13.2.1_git20240309) 
2024/09/10 13:16:06 [notice] 1#1: OS: Linux 6.8.0-40-generic
2024/09/10 13:16:06 [notice] 1#1: getrlimit(RLIMIT_NOFILE): 1024:524288
2024/09/10 13:16:06 [notice] 1#1: start worker processes
2024/09/10 13:16:06 [notice] 1#1: start worker process 29
2024/09/10 13:16:06 [notice] 1#1: start worker process 30
2024/09/10 13:16:06 [notice] 1#1: start worker process 31
2024/09/10 13:16:06 [notice] 1#1: start worker process 32
2024/09/10 13:16:06 [notice] 1#1: start worker process 33
2024/09/10 13:16:06 [notice] 1#1: start worker process 34
2024/09/10 13:16:06 [notice] 1#1: start worker process 35
2024/09/10 13:16:06 [notice] 1#1: start worker process 36
2024/09/10 13:16:06 [notice] 1#1: start worker process 37
2024/09/10 13:16:06 [notice] 1#1: start worker process 38
2024/09/10 13:16:06 [notice] 1#1: start worker process 39
2024/09/10 13:16:06 [notice] 1#1: start worker process 40
2024/09/10 13:16:06 [notice] 1#1: start worker process 41
2024/09/10 13:16:06 [notice] 1#1: start worker process 42
2024/09/10 13:16:06 [notice] 1#1: start worker process 43
2024/09/10 13:16:06 [notice] 1#1: start worker process 44
2024/09/11 06:35:17 [emerg] 1#1: host not found in upstream "immophp" in /etc/nginx/conf.d/default.conf:15
2024/09/11 06:35:22 [emerg] 1#1: host not found in upstream "immophp" in /etc/nginx/conf.d/default.conf:15
2024/09/11 06:35:28 [emerg] 1#1: host not found in upstream "immophp" in /etc/nginx/conf.d/default.conf:15
2024/09/11 06:35:33 [emerg] 1#1: host not found in upstream "immophp" in /etc/nginx/conf.d/default.conf:15
2024/09/11 06:35:39 [emerg] 1#1: host not found in upstream "immophp" in /etc/nginx/conf.d/default.conf:15
2024/09/11 06:35:45 [emerg] 1#1: host not found in upstream "immophp" in /etc/nginx/conf.d/default.conf:15
2024/09/11 06:35:53 [emerg] 1#1: host not found in upstream "immophp" in /etc/nginx/conf.d/default.conf:15
2024/09/11 06:36:05 [emerg] 1#1: host not found in upstream "immophp" in /etc/nginx/conf.d/default.conf:15
2024/09/11 06:36:23 [emerg] 1#1: host not found in upstream "immophp" in /etc/nginx/conf.d/default.conf:15
2024/09/11 06:36:54 [emerg] 1#1: host not found in upstream "immophp" in /etc/nginx/conf.d/default.conf:15
2024/09/11 06:37:50 [emerg] 1#1: host not found in upstream "immophp" in /etc/nginx/conf.d/default.conf:15
2024/09/11 06:38:55 [emerg] 1#1: host not found in upstream "immophp" in /etc/nginx/conf.d/default.conf:15
2024/09/11 06:40:00 [emerg] 1#1: host not found in upstream "immophp" in /etc/nginx/conf.d/default.conf:15
2024/09/11 06:41:05 [emerg] 1#1: host not found in upstream "immophp" in /etc/nginx/conf.d/default.conf:15
2024/09/11 06:42:11 [emerg] 1#1: host not found in upstream "immophp" in /etc/nginx/conf.d/default.conf:15
2024/09/11 06:43:16 [emerg] 1#1: host not found in upstream "immophp" in /etc/nginx/conf.d/default.conf:15
2024/09/11 06:44:21 [emerg] 1#1: host not found in upstream "immophp" in /etc/nginx/conf.d/default.conf:15
2024/09/11 06:45:26 [emerg] 1#1: host not found in upstream "immophp" in /etc/nginx/conf.d/default.conf:15
2024/09/11 06:46:31 [emerg] 1#1: host not found in upstream "immophp" in /etc/nginx/conf.d/default.conf:15
2024/09/11 06:47:36 [emerg] 1#1: host not found in upstream "immophp" in /etc/nginx/conf.d/default.conf:15
2024/09/11 10:39:18 [emerg] 1#1: host not found in upstream "immophp" in /etc/nginx/conf.d/default.conf:15
2024/09/11 10:39:23 [emerg] 1#1: host not found in upstream "immophp" in /etc/nginx/conf.d/default.conf:15
2024/09/11 10:39:28 [emerg] 1#1: host not found in upstream "immophp" in /etc/nginx/conf.d/default.conf:15
2024/09/11 10:39:34 [emerg] 1#1: host not found in upstream "immophp" in /etc/nginx/conf.d/default.conf:15
2024/09/11 10:39:40 [emerg] 1#1: host not found in upstream "immophp" in /etc/nginx/conf.d/default.conf:15
2024/09/11 10:39:47 [emerg] 1#1: host not found in upstream "immophp" in /etc/nginx/conf.d/default.conf:15
2024/09/11 10:39:55 [emerg] 1#1: host not found in upstream "immophp" in /etc/nginx/conf.d/default.conf:15
2024/09/11 10:40:07 [emerg] 1#1: host not found in upstream "immophp" in /etc/nginx/conf.d/default.conf:15
2024/09/11 10:40:25 [emerg] 1#1: host not found in upstream "immophp" in /etc/nginx/conf.d/default.conf:15
2024/09/11 10:40:55 [emerg] 1#1: host not found in upstream "immophp" in /etc/nginx/conf.d/default.conf:15
2024/09/11 10:41:52 [emerg] 1#1: host not found in upstream "immophp" in /etc/nginx/conf.d/default.conf:15
2024/09/11 10:46:11 [emerg] 1#1: host not found in upstream "immophp" in /etc/nginx/conf.d/default.conf:15
2024/09/11 10:46:16 [emerg] 1#1: host not found in upstream "immophp" in /etc/nginx/conf.d/default.conf:15
2024/09/11 10:46:21 [emerg] 1#1: host not found in upstream "immophp" in /etc/nginx/conf.d/default.conf:15
2024/09/11 10:46:27 [emerg] 1#1: host not found in upstream "immophp" in /etc/nginx/conf.d/default.conf:15
2024/09/11 10:46:33 [emerg] 1#1: host not found in upstream "immophp" in /etc/nginx/conf.d/default.conf:15
2024/09/11 11:13:50 [notice] 1#1: using the "epoll" event method
2024/09/11 11:13:50 [notice] 1#1: nginx/1.26.2
2024/09/11 11:13:50 [notice] 1#1: built by gcc 13.2.1 20240309 (Alpine 13.2.1_git20240309) 
2024/09/11 11:13:50 [notice] 1#1: OS: Linux 6.8.0-40-generic
2024/09/11 11:13:50 [notice] 1#1: getrlimit(RLIMIT_NOFILE): 1048576:1048576
2024/09/11 11:13:50 [notice] 1#1: start worker processes
2024/09/11 11:13:50 [notice] 1#1: start worker process 29
2024/09/11 11:13:50 [notice] 1#1: start worker process 30
2024/09/11 11:13:50 [notice] 1#1: start worker process 31
2024/09/11 11:13:50 [notice] 1#1: start worker process 32
2024/09/11 11:13:50 [notice] 1#1: start worker process 33
2024/09/11 11:13:50 [notice] 1#1: start worker process 34
2024/09/11 11:13:50 [notice] 1#1: start worker process 35
2024/09/11 11:13:50 [notice] 1#1: start worker process 36
2024/09/11 11:18:22 [notice] 1#1: signal 3 (SIGQUIT) received, shutting down
2024/09/11 11:18:22 [notice] 29#29: gracefully shutting down
2024/09/11 11:18:22 [notice] 31#31: gracefully shutting down
2024/09/11 11:18:22 [notice] 30#30: gracefully shutting down
2024/09/11 11:18:22 [notice] 32#32: gracefully shutting down
2024/09/11 11:18:22 [notice] 33#33: gracefully shutting down
2024/09/11 11:18:22 [notice] 31#31: exiting
2024/09/11 11:18:22 [notice] 35#35: gracefully shutting down
2024/09/11 11:18:22 [notice] 30#30: exiting
2024/09/11 11:18:22 [notice] 32#32: exiting
2024/09/11 11:18:22 [notice] 33#33: exiting
2024/09/11 11:18:22 [notice] 35#35: exiting
2024/09/11 11:18:22 [notice] 29#29: exiting
2024/09/11 11:18:22 [notice] 30#30: exit
2024/09/11 11:18:22 [notice] 31#31: exit
2024/09/11 11:18:22 [notice] 33#33: exit
2024/09/11 11:18:22 [notice] 32#32: exit
2024/09/11 11:18:22 [notice] 29#29: exit
2024/09/11 11:18:22 [notice] 35#35: exit
2024/09/11 11:18:22 [notice] 36#36: gracefully shutting down
2024/09/11 11:18:22 [notice] 36#36: exiting
2024/09/11 11:18:22 [notice] 36#36: exit
2024/09/11 11:18:22 [notice] 34#34: gracefully shutting down
2024/09/11 11:18:22 [notice] 34#34: exiting
2024/09/11 11:18:22 [notice] 34#34: exit
2024/09/11 11:18:22 [notice] 1#1: signal 17 (SIGCHLD) received from 33
2024/09/11 11:18:22 [notice] 1#1: worker process 29 exited with code 0
2024/09/11 11:18:22 [notice] 1#1: worker process 33 exited with code 0
2024/09/11 11:18:22 [notice] 1#1: worker process 35 exited with code 0
2024/09/11 11:18:22 [notice] 1#1: signal 29 (SIGIO) received
2024/09/11 11:18:22 [notice] 1#1: signal 17 (SIGCHLD) received from 29
2024/09/11 11:18:22 [notice] 1#1: signal 17 (SIGCHLD) received from 32
2024/09/11 11:18:22 [notice] 1#1: worker process 32 exited with code 0
2024/09/11 11:18:22 [notice] 1#1: signal 29 (SIGIO) received
2024/09/11 11:18:22 [notice] 1#1: signal 17 (SIGCHLD) received from 30
2024/09/11 11:18:22 [notice] 1#1: worker process 30 exited with code 0
2024/09/11 11:18:22 [notice] 1#1: signal 29 (SIGIO) received
2024/09/11 11:18:22 [notice] 1#1: signal 17 (SIGCHLD) received from 31
2024/09/11 11:18:22 [notice] 1#1: worker process 31 exited with code 0
2024/09/11 11:18:22 [notice] 1#1: worker process 36 exited with code 0
2024/09/11 11:18:22 [notice] 1#1: signal 29 (SIGIO) received
2024/09/11 11:18:22 [notice] 1#1: signal 17 (SIGCHLD) received from 34
2024/09/11 11:18:22 [notice] 1#1: worker process 34 exited with code 0
2024/09/11 11:18:22 [notice] 1#1: exit
2024/09/11 11:23:26 [notice] 1#1: using the "epoll" event method
2024/09/11 11:23:26 [notice] 1#1: nginx/1.26.2
2024/09/11 11:23:26 [notice] 1#1: built by gcc 13.2.1 20240309 (Alpine 13.2.1_git20240309) 
2024/09/11 11:23:26 [notice] 1#1: OS: Linux 6.8.0-40-generic
2024/09/11 11:23:26 [notice] 1#1: getrlimit(RLIMIT_NOFILE): 1048576:1048576
2024/09/11 11:23:26 [notice] 1#1: start worker processes
2024/09/11 11:23:26 [notice] 1#1: start worker process 29
2024/09/11 11:23:26 [notice] 1#1: start worker process 30
2024/09/11 11:23:26 [notice] 1#1: start worker process 31
2024/09/11 11:23:26 [notice] 1#1: start worker process 32
2024/09/11 11:23:26 [notice] 1#1: start worker process 33
2024/09/11 11:23:26 [notice] 1#1: start worker process 34
2024/09/11 11:23:26 [notice] 1#1: start worker process 35
2024/09/11 11:23:26 [notice] 1#1: start worker process 36
